CRITICAL - 2020-08-28 00:00:03 --> file_get_contents(https://api.kawalcorona.com/global/): failed to open stream: HTTP request failed! HTTP/1.1 404 Not Found

#0 [internal function]: CodeIgniter\Debug\Exceptions->errorHandler(2, 'file_get_conten...', '/home/synergym/...', 93, Array)
#1 /home/synergym/public_html/infocorona.site/app/Controllers/Home.php(93): file_get_contents('https://api.kaw...')
#2 /home/synergym/public_html/infocorona.site/app/Controllers/Home.php(62): App\Controllers\Home->getDataServer('/home/synergym/...', 'https://api.kaw...', 'global')
#3 /home/synergym/public_html/infocorona.site/system/CodeIgniter.php(910): App\Controllers\Home->getDataJson()
#4 /home/synergym/public_html/infocorona.site/system/CodeIgniter.php(398): CodeIgniter\CodeIgniter->runController(Object(App\Controllers\Home))
#5 /home/synergym/public_html/infocorona.site/system/CodeIgniter.php(306): CodeIgniter\CodeIgniter->handleRequest(NULL, Object(Config\Cache), false)
#6 /home/synergym/public_html/infocorona.site/index.php(45): CodeIgniter\CodeIgniter->run()
#7 {main}
CRITICAL - 2020-08-28 01:00:03 --> file_get_contents(https://api.kawalcorona.com/global/): failed to open stream: HTTP request failed! HTTP/1.1 404 Not Found

#0 [internal function]: CodeIgniter\Debug\Exceptions->errorHandler(2, 'file_get_conten...', '/home/synergym/...', 93, Array)
#1 /home/synergym/public_html/infocorona.site/app/Controllers/Home.php(93): file_get_contents('https://api.kaw...')
#2 /home/synergym/public_html/infocorona.site/app/Controllers/Home.php(62): App\Controllers\Home->getDataServer('/home/synergym/...', 'https://api.kaw...', 'global')
#3 /home/synergym/public_html/infocorona.site/system/CodeIgniter.php(910): App\Controllers\Home->getDataJson()
#4 /home/synergym/public_html/infocorona.site/system/CodeIgniter.php(398): CodeIgniter\CodeIgniter->runController(Object(App\Controllers\Home))
#5 /home/synergym/public_html/infocorona.site/system/CodeIgniter.php(306): CodeIgniter\CodeIgniter->handleRequest(NULL, Object(Config\Cache), false)
#6 /home/synergym/public_html/infocorona.site/index.php(45): CodeIgniter\CodeIgniter->run()
#7 {main}
CRITICAL - 2020-08-28 02:00:03 --> file_get_contents(https://api.kawalcorona.com/global/): failed to open stream: HTTP request failed! HTTP/1.1 404 Not Found

#0 [internal function]: CodeIgniter\Debug\Exceptions->errorHandler(2, 'file_get_conten...', '/home/synergym/...', 93, Array)
#1 /home/synergym/public_html/infocorona.site/app/Controllers/Home.php(93): file_get_contents('https://api.kaw...')
#2 /home/synergym/public_html/infocorona.site/app/Controllers/Home.php(62): App\Controllers\Home->getDataServer('/home/synergym/...', 'https://api.kaw...', 'global')
#3 /home/synergym/public_html/infocorona.site/system/CodeIgniter.php(910): App\Controllers\Home->getDataJson()
#4 /home/synergym/public_html/infocorona.site/system/CodeIgniter.php(398): CodeIgniter\CodeIgniter->runController(Object(App\Controllers\Home))
#5 /home/synergym/public_html/infocorona.site/system/CodeIgniter.php(306): CodeIgniter\CodeIgniter->handleRequest(NULL, Object(Config\Cache), false)
#6 /home/synergym/public_html/infocorona.site/index.php(45): CodeIgniter\CodeIgniter->run()
#7 {main}
CRITICAL - 2020-08-28 03:00:03 --> file_get_contents(https://api.kawalcorona.com/global/): failed to open stream: HTTP request failed! HTTP/1.1 404 Not Found

#0 [internal function]: CodeIgniter\Debug\Exceptions->errorHandler(2, 'file_get_conten...', '/home/synergym/...', 93, Array)
#1 /home/synergym/public_html/infocorona.site/app/Controllers/Home.php(93): file_get_contents('https://api.kaw...')
#2 /home/synergym/public_html/infocorona.site/app/Controllers/Home.php(62): App\Controllers\Home->getDataServer('/home/synergym/...', 'https://api.kaw...', 'global')
#3 /home/synergym/public_html/infocorona.site/system/CodeIgniter.php(910): App\Controllers\Home->getDataJson()
#4 /home/synergym/public_html/infocorona.site/system/CodeIgniter.php(398): CodeIgniter\CodeIgniter->runController(Object(App\Controllers\Home))
#5 /home/synergym/public_html/infocorona.site/system/CodeIgniter.php(306): CodeIgniter\CodeIgniter->handleRequest(NULL, Object(Config\Cache), false)
#6 /home/synergym/public_html/infocorona.site/index.php(45): CodeIgniter\CodeIgniter->run()
#7 {main}
CRITICAL - 2020-08-28 04:00:03 --> file_get_contents(https://api.kawalcorona.com/global/): failed to open stream: HTTP request failed! HTTP/1.1 404 Not Found

#0 [internal function]: CodeIgniter\Debug\Exceptions->errorHandler(2, 'file_get_conten...', '/home/synergym/...', 93, Array)
#1 /home/synergym/public_html/infocorona.site/app/Controllers/Home.php(93): file_get_contents('https://api.kaw...')
#2 /home/synergym/public_html/infocorona.site/app/Controllers/Home.php(62): App\Controllers\Home->getDataServer('/home/synergym/...', 'https://api.kaw...', 'global')
#3 /home/synergym/public_html/infocorona.site/system/CodeIgniter.php(910): App\Controllers\Home->getDataJson()
#4 /home/synergym/public_html/infocorona.site/system/CodeIgniter.php(398): CodeIgniter\CodeIgniter->runController(Object(App\Controllers\Home))
#5 /home/synergym/public_html/infocorona.site/system/CodeIgniter.php(306): CodeIgniter\CodeIgniter->handleRequest(NULL, Object(Config\Cache), false)
#6 /home/synergym/public_html/infocorona.site/index.php(45): CodeIgniter\CodeIgniter->run()
#7 {main}
CRITICAL - 2020-08-28 05:00:03 --> file_get_contents(https://api.kawalcorona.com/global/): failed to open stream: HTTP request failed! HTTP/1.1 404 Not Found

#0 [internal function]: CodeIgniter\Debug\Exceptions->errorHandler(2, 'file_get_conten...', '/home/synergym/...', 93, Array)
#1 /home/synergym/public_html/infocorona.site/app/Controllers/Home.php(93): file_get_contents('https://api.kaw...')
#2 /home/synergym/public_html/infocorona.site/app/Controllers/Home.php(62): App\Controllers\Home->getDataServer('/home/synergym/...', 'https://api.kaw...', 'global')
#3 /home/synergym/public_html/infocorona.site/system/CodeIgniter.php(910): App\Controllers\Home->getDataJson()
#4 /home/synergym/public_html/infocorona.site/system/CodeIgniter.php(398): CodeIgniter\CodeIgniter->runController(Object(App\Controllers\Home))
#5 /home/synergym/public_html/infocorona.site/system/CodeIgniter.php(306): CodeIgniter\CodeIgniter->handleRequest(NULL, Object(Config\Cache), false)
#6 /home/synergym/public_html/infocorona.site/index.php(45): CodeIgniter\CodeIgniter->run()
#7 {main}
CRITICAL - 2020-08-28 06:00:03 --> file_get_contents(https://api.kawalcorona.com/global/): failed to open stream: HTTP request failed! HTTP/1.1 404 Not Found

#0 [internal function]: CodeIgniter\Debug\Exceptions->errorHandler(2, 'file_get_conten...', '/home/synergym/...', 93, Array)
#1 /home/synergym/public_html/infocorona.site/app/Controllers/Home.php(93): file_get_contents('https://api.kaw...')
#2 /home/synergym/public_html/infocorona.site/app/Controllers/Home.php(62): App\Controllers\Home->getDataServer('/home/synergym/...', 'https://api.kaw...', 'global')
#3 /home/synergym/public_html/infocorona.site/system/CodeIgniter.php(910): App\Controllers\Home->getDataJson()
#4 /home/synergym/public_html/infocorona.site/system/CodeIgniter.php(398): CodeIgniter\CodeIgniter->runController(Object(App\Controllers\Home))
#5 /home/synergym/public_html/infocorona.site/system/CodeIgniter.php(306): CodeIgniter\CodeIgniter->handleRequest(NULL, Object(Config\Cache), false)
#6 /home/synergym/public_html/infocorona.site/index.php(45): CodeIgniter\CodeIgniter->run()
#7 {main}
CRITICAL - 2020-08-28 07:00:03 --> file_get_contents(https://api.kawalcorona.com/global/): failed to open stream: HTTP request failed! HTTP/1.1 404 Not Found

#0 [internal function]: CodeIgniter\Debug\Exceptions->errorHandler(2, 'file_get_conten...', '/home/synergym/...', 93, Array)
#1 /home/synergym/public_html/infocorona.site/app/Controllers/Home.php(93): file_get_contents('https://api.kaw...')
#2 /home/synergym/public_html/infocorona.site/app/Controllers/Home.php(62): App\Controllers\Home->getDataServer('/home/synergym/...', 'https://api.kaw...', 'global')
#3 /home/synergym/public_html/infocorona.site/system/CodeIgniter.php(910): App\Controllers\Home->getDataJson()
#4 /home/synergym/public_html/infocorona.site/system/CodeIgniter.php(398): CodeIgniter\CodeIgniter->runController(Object(App\Controllers\Home))
#5 /home/synergym/public_html/infocorona.site/system/CodeIgniter.php(306): CodeIgniter\CodeIgniter->handleRequest(NULL, Object(Config\Cache), false)
#6 /home/synergym/public_html/infocorona.site/index.php(45): CodeIgniter\CodeIgniter->run()
#7 {main}
CRITICAL - 2020-08-28 08:00:04 --> file_get_contents(https://api.kawalcorona.com/global/): failed to open stream: HTTP request failed! HTTP/1.1 404 Not Found

#0 [internal function]: CodeIgniter\Debug\Exceptions->errorHandler(2, 'file_get_conten...', '/home/synergym/...', 93, Array)
#1 /home/synergym/public_html/infocorona.site/app/Controllers/Home.php(93): file_get_contents('https://api.kaw...')
#2 /home/synergym/public_html/infocorona.site/app/Controllers/Home.php(62): App\Controllers\Home->getDataServer('/home/synergym/...', 'https://api.kaw...', 'global')
#3 /home/synergym/public_html/infocorona.site/system/CodeIgniter.php(910): App\Controllers\Home->getDataJson()
#4 /home/synergym/public_html/infocorona.site/system/CodeIgniter.php(398): CodeIgniter\CodeIgniter->runController(Object(App\Controllers\Home))
#5 /home/synergym/public_html/infocorona.site/system/CodeIgniter.php(306): CodeIgniter\CodeIgniter->handleRequest(NULL, Object(Config\Cache), false)
#6 /home/synergym/public_html/infocorona.site/index.php(45): CodeIgniter\CodeIgniter->run()
#7 {main}
CRITICAL - 2020-08-28 09:00:03 --> file_get_contents(https://api.kawalcorona.com/global/): failed to open stream: HTTP request failed! HTTP/1.1 404 Not Found

#0 [internal function]: CodeIgniter\Debug\Exceptions->errorHandler(2, 'file_get_conten...', '/home/synergym/...', 93, Array)
#1 /home/synergym/public_html/infocorona.site/app/Controllers/Home.php(93): file_get_contents('https://api.kaw...')
#2 /home/synergym/public_html/infocorona.site/app/Controllers/Home.php(62): App\Controllers\Home->getDataServer('/home/synergym/...', 'https://api.kaw...', 'global')
#3 /home/synergym/public_html/infocorona.site/system/CodeIgniter.php(910): App\Controllers\Home->getDataJson()
#4 /home/synergym/public_html/infocorona.site/system/CodeIgniter.php(398): CodeIgniter\CodeIgniter->runController(Object(App\Controllers\Home))
#5 /home/synergym/public_html/infocorona.site/system/CodeIgniter.php(306): CodeIgniter\CodeIgniter->handleRequest(NULL, Object(Config\Cache), false)
#6 /home/synergym/public_html/infocorona.site/index.php(45): CodeIgniter\CodeIgniter->run()
#7 {main}
CRITICAL - 2020-08-28 10:00:03 --> file_get_contents(https://api.kawalcorona.com/global/): failed to open stream: HTTP request failed! HTTP/1.1 404 Not Found

#0 [internal function]: CodeIgniter\Debug\Exceptions->errorHandler(2, 'file_get_conten...', '/home/synergym/...', 93, Array)
#1 /home/synergym/public_html/infocorona.site/app/Controllers/Home.php(93): file_get_contents('https://api.kaw...')
#2 /home/synergym/public_html/infocorona.site/app/Controllers/Home.php(62): App\Controllers\Home->getDataServer('/home/synergym/...', 'https://api.kaw...', 'global')
#3 /home/synergym/public_html/infocorona.site/system/CodeIgniter.php(910): App\Controllers\Home->getDataJson()
#4 /home/synergym/public_html/infocorona.site/system/CodeIgniter.php(398): CodeIgniter\CodeIgniter->runController(Object(App\Controllers\Home))
#5 /home/synergym/public_html/infocorona.site/system/CodeIgniter.php(306): CodeIgniter\CodeIgniter->handleRequest(NULL, Object(Config\Cache), false)
#6 /home/synergym/public_html/infocorona.site/index.php(45): CodeIgniter\CodeIgniter->run()
#7 {main}
CRITICAL - 2020-08-28 11:00:04 --> file_get_contents(https://api.kawalcorona.com/global/): failed to open stream: HTTP request failed! HTTP/1.1 404 Not Found

#0 [internal function]: CodeIgniter\Debug\Exceptions->errorHandler(2, 'file_get_conten...', '/home/synergym/...', 93, Array)
#1 /home/synergym/public_html/infocorona.site/app/Controllers/Home.php(93): file_get_contents('https://api.kaw...')
#2 /home/synergym/public_html/infocorona.site/app/Controllers/Home.php(62): App\Controllers\Home->getDataServer('/home/synergym/...', 'https://api.kaw...', 'global')
#3 /home/synergym/public_html/infocorona.site/system/CodeIgniter.php(910): App\Controllers\Home->getDataJson()
#4 /home/synergym/public_html/infocorona.site/system/CodeIgniter.php(398): CodeIgniter\CodeIgniter->runController(Object(App\Controllers\Home))
#5 /home/synergym/public_html/infocorona.site/system/CodeIgniter.php(306): CodeIgniter\CodeIgniter->handleRequest(NULL, Object(Config\Cache), false)
#6 /home/synergym/public_html/infocorona.site/index.php(45): CodeIgniter\CodeIgniter->run()
#7 {main}
CRITICAL - 2020-08-28 12:00:03 --> file_get_contents(https://api.kawalcorona.com/global/): failed to open stream: HTTP request failed! HTTP/1.1 404 Not Found

#0 [internal function]: CodeIgniter\Debug\Exceptions->errorHandler(2, 'file_get_conten...', '/home/synergym/...', 93, Array)
#1 /home/synergym/public_html/infocorona.site/app/Controllers/Home.php(93): file_get_contents('https://api.kaw...')
#2 /home/synergym/public_html/infocorona.site/app/Controllers/Home.php(62): App\Controllers\Home->getDataServer('/home/synergym/...', 'https://api.kaw...', 'global')
#3 /home/synergym/public_html/infocorona.site/system/CodeIgniter.php(910): App\Controllers\Home->getDataJson()
#4 /home/synergym/public_html/infocorona.site/system/CodeIgniter.php(398): CodeIgniter\CodeIgniter->runController(Object(App\Controllers\Home))
#5 /home/synergym/public_html/infocorona.site/system/CodeIgniter.php(306): CodeIgniter\CodeIgniter->handleRequest(NULL, Object(Config\Cache), false)
#6 /home/synergym/public_html/infocorona.site/index.php(45): CodeIgniter\CodeIgniter->run()
#7 {main}
CRITICAL - 2020-08-28 13:00:03 --> file_get_contents(https://api.kawalcorona.com/global/): failed to open stream: HTTP request failed! HTTP/1.1 404 Not Found

#0 [internal function]: CodeIgniter\Debug\Exceptions->errorHandler(2, 'file_get_conten...', '/home/synergym/...', 93, Array)
#1 /home/synergym/public_html/infocorona.site/app/Controllers/Home.php(93): file_get_contents('https://api.kaw...')
#2 /home/synergym/public_html/infocorona.site/app/Controllers/Home.php(62): App\Controllers\Home->getDataServer('/home/synergym/...', 'https://api.kaw...', 'global')
#3 /home/synergym/public_html/infocorona.site/system/CodeIgniter.php(910): App\Controllers\Home->getDataJson()
#4 /home/synergym/public_html/infocorona.site/system/CodeIgniter.php(398): CodeIgniter\CodeIgniter->runController(Object(App\Controllers\Home))
#5 /home/synergym/public_html/infocorona.site/system/CodeIgniter.php(306): CodeIgniter\CodeIgniter->handleRequest(NULL, Object(Config\Cache), false)
#6 /home/synergym/public_html/infocorona.site/index.php(45): CodeIgniter\CodeIgniter->run()
#7 {main}
CRITICAL - 2020-08-28 14:00:04 --> file_get_contents(https://api.kawalcorona.com/global/): failed to open stream: HTTP request failed! HTTP/1.1 404 Not Found

#0 [internal function]: CodeIgniter\Debug\Exceptions->errorHandler(2, 'file_get_conten...', '/home/synergym/...', 93, Array)
#1 /home/synergym/public_html/infocorona.site/app/Controllers/Home.php(93): file_get_contents('https://api.kaw...')
#2 /home/synergym/public_html/infocorona.site/app/Controllers/Home.php(62): App\Controllers\Home->getDataServer('/home/synergym/...', 'https://api.kaw...', 'global')
#3 /home/synergym/public_html/infocorona.site/system/CodeIgniter.php(910): App\Controllers\Home->getDataJson()
#4 /home/synergym/public_html/infocorona.site/system/CodeIgniter.php(398): CodeIgniter\CodeIgniter->runController(Object(App\Controllers\Home))
#5 /home/synergym/public_html/infocorona.site/system/CodeIgniter.php(306): CodeIgniter\CodeIgniter->handleRequest(NULL, Object(Config\Cache), false)
#6 /home/synergym/public_html/infocorona.site/index.php(45): CodeIgniter\CodeIgniter->run()
#7 {main}
CRITICAL - 2020-08-28 15:00:03 --> file_get_contents(https://api.kawalcorona.com/global/): failed to open stream: HTTP request failed! HTTP/1.1 404 Not Found

#0 [internal function]: CodeIgniter\Debug\Exceptions->errorHandler(2, 'file_get_conten...', '/home/synergym/...', 93, Array)
#1 /home/synergym/public_html/infocorona.site/app/Controllers/Home.php(93): file_get_contents('https://api.kaw...')
#2 /home/synergym/public_html/infocorona.site/app/Controllers/Home.php(62): App\Controllers\Home->getDataServer('/home/synergym/...', 'https://api.kaw...', 'global')
#3 /home/synergym/public_html/infocorona.site/system/CodeIgniter.php(910): App\Controllers\Home->getDataJson()
#4 /home/synergym/public_html/infocorona.site/system/CodeIgniter.php(398): CodeIgniter\CodeIgniter->runController(Object(App\Controllers\Home))
#5 /home/synergym/public_html/infocorona.site/system/CodeIgniter.php(306): CodeIgniter\CodeIgniter->handleRequest(NULL, Object(Config\Cache), false)
#6 /home/synergym/public_html/infocorona.site/index.php(45): CodeIgniter\CodeIgniter->run()
#7 {main}
CRITICAL - 2020-08-28 16:00:03 --> file_get_contents(https://api.kawalcorona.com/global/): failed to open stream: HTTP request failed! HTTP/1.1 404 Not Found

#0 [internal function]: CodeIgniter\Debug\Exceptions->errorHandler(2, 'file_get_conten...', '/home/synergym/...', 93, Array)
#1 /home/synergym/public_html/infocorona.site/app/Controllers/Home.php(93): file_get_contents('https://api.kaw...')
#2 /home/synergym/public_html/infocorona.site/app/Controllers/Home.php(62): App\Controllers\Home->getDataServer('/home/synergym/...', 'https://api.kaw...', 'global')
#3 /home/synergym/public_html/infocorona.site/system/CodeIgniter.php(910): App\Controllers\Home->getDataJson()
#4 /home/synergym/public_html/infocorona.site/system/CodeIgniter.php(398): CodeIgniter\CodeIgniter->runController(Object(App\Controllers\Home))
#5 /home/synergym/public_html/infocorona.site/system/CodeIgniter.php(306): CodeIgniter\CodeIgniter->handleRequest(NULL, Object(Config\Cache), false)
#6 /home/synergym/public_html/infocorona.site/index.php(45): CodeIgniter\CodeIgniter->run()
#7 {main}
CRITICAL - 2020-08-28 17:00:03 --> file_get_contents(https://api.kawalcorona.com/global/): failed to open stream: HTTP request failed! HTTP/1.1 404 Not Found

#0 [internal function]: CodeIgniter\Debug\Exceptions->errorHandler(2, 'file_get_conten...', '/home/synergym/...', 93, Array)
#1 /home/synergym/public_html/infocorona.site/app/Controllers/Home.php(93): file_get_contents('https://api.kaw...')
#2 /home/synergym/public_html/infocorona.site/app/Controllers/Home.php(62): App\Controllers\Home->getDataServer('/home/synergym/...', 'https://api.kaw...', 'global')
#3 /home/synergym/public_html/infocorona.site/system/CodeIgniter.php(910): App\Controllers\Home->getDataJson()
#4 /home/synergym/public_html/infocorona.site/system/CodeIgniter.php(398): CodeIgniter\CodeIgniter->runController(Object(App\Controllers\Home))
#5 /home/synergym/public_html/infocorona.site/system/CodeIgniter.php(306): CodeIgniter\CodeIgniter->handleRequest(NULL, Object(Config\Cache), false)
#6 /home/synergym/public_html/infocorona.site/index.php(45): CodeIgniter\CodeIgniter->run()
#7 {main}
CRITICAL - 2020-08-28 18:00:04 --> file_get_contents(https://api.kawalcorona.com/global/): failed to open stream: HTTP request failed! HTTP/1.1 404 Not Found

#0 [internal function]: CodeIgniter\Debug\Exceptions->errorHandler(2, 'file_get_conten...', '/home/synergym/...', 93, Array)
#1 /home/synergym/public_html/infocorona.site/app/Controllers/Home.php(93): file_get_contents('https://api.kaw...')
#2 /home/synergym/public_html/infocorona.site/app/Controllers/Home.php(62): App\Controllers\Home->getDataServer('/home/synergym/...', 'https://api.kaw...', 'global')
#3 /home/synergym/public_html/infocorona.site/system/CodeIgniter.php(910): App\Controllers\Home->getDataJson()
#4 /home/synergym/public_html/infocorona.site/system/CodeIgniter.php(398): CodeIgniter\CodeIgniter->runController(Object(App\Controllers\Home))
#5 /home/synergym/public_html/infocorona.site/system/CodeIgniter.php(306): CodeIgniter\CodeIgniter->handleRequest(NULL, Object(Config\Cache), false)
#6 /home/synergym/public_html/infocorona.site/index.php(45): CodeIgniter\CodeIgniter->run()
#7 {main}
CRITICAL - 2020-08-28 19:00:03 --> file_get_contents(https://api.kawalcorona.com/global/): failed to open stream: HTTP request failed! HTTP/1.1 404 Not Found

#0 [internal function]: CodeIgniter\Debug\Exceptions->errorHandler(2, 'file_get_conten...', '/home/synergym/...', 93, Array)
#1 /home/synergym/public_html/infocorona.site/app/Controllers/Home.php(93): file_get_contents('https://api.kaw...')
#2 /home/synergym/public_html/infocorona.site/app/Controllers/Home.php(62): App\Controllers\Home->getDataServer('/home/synergym/...', 'https://api.kaw...', 'global')
#3 /home/synergym/public_html/infocorona.site/system/CodeIgniter.php(910): App\Controllers\Home->getDataJson()
#4 /home/synergym/public_html/infocorona.site/system/CodeIgniter.php(398): CodeIgniter\CodeIgniter->runController(Object(App\Controllers\Home))
#5 /home/synergym/public_html/infocorona.site/system/CodeIgniter.php(306): CodeIgniter\CodeIgniter->handleRequest(NULL, Object(Config\Cache), false)
#6 /home/synergym/public_html/infocorona.site/index.php(45): CodeIgniter\CodeIgniter->run()
#7 {main}
CRITICAL - 2020-08-28 20:00:04 --> file_get_contents(https://api.kawalcorona.com/global/): failed to open stream: HTTP request failed! HTTP/1.1 404 Not Found

#0 [internal function]: CodeIgniter\Debug\Exceptions->errorHandler(2, 'file_get_conten...', '/home/synergym/...', 93, Array)
#1 /home/synergym/public_html/infocorona.site/app/Controllers/Home.php(93): file_get_contents('https://api.kaw...')
#2 /home/synergym/public_html/infocorona.site/app/Controllers/Home.php(62): App\Controllers\Home->getDataServer('/home/synergym/...', 'https://api.kaw...', 'global')
#3 /home/synergym/public_html/infocorona.site/system/CodeIgniter.php(910): App\Controllers\Home->getDataJson()
#4 /home/synergym/public_html/infocorona.site/system/CodeIgniter.php(398): CodeIgniter\CodeIgniter->runController(Object(App\Controllers\Home))
#5 /home/synergym/public_html/infocorona.site/system/CodeIgniter.php(306): CodeIgniter\CodeIgniter->handleRequest(NULL, Object(Config\Cache), false)
#6 /home/synergym/public_html/infocorona.site/index.php(45): CodeIgniter\CodeIgniter->run()
#7 {main}
CRITICAL - 2020-08-28 21:00:03 --> file_get_contents(https://api.kawalcorona.com/global/): failed to open stream: HTTP request failed! HTTP/1.1 404 Not Found

#0 [internal function]: CodeIgniter\Debug\Exceptions->errorHandler(2, 'file_get_conten...', '/home/synergym/...', 93, Array)
#1 /home/synergym/public_html/infocorona.site/app/Controllers/Home.php(93): file_get_contents('https://api.kaw...')
#2 /home/synergym/public_html/infocorona.site/app/Controllers/Home.php(62): App\Controllers\Home->getDataServer('/home/synergym/...', 'https://api.kaw...', 'global')
#3 /home/synergym/public_html/infocorona.site/system/CodeIgniter.php(910): App\Controllers\Home->getDataJson()
#4 /home/synergym/public_html/infocorona.site/system/CodeIgniter.php(398): CodeIgniter\CodeIgniter->runController(Object(App\Controllers\Home))
#5 /home/synergym/public_html/infocorona.site/system/CodeIgniter.php(306): CodeIgniter\CodeIgniter->handleRequest(NULL, Object(Config\Cache), false)
#6 /home/synergym/public_html/infocorona.site/index.php(45): CodeIgniter\CodeIgniter->run()
#7 {main}
CRITICAL - 2020-08-28 22:00:03 --> file_get_contents(https://api.kawalcorona.com/global/): failed to open stream: HTTP request failed! HTTP/1.1 404 Not Found

#0 [internal function]: CodeIgniter\Debug\Exceptions->errorHandler(2, 'file_get_conten...', '/home/synergym/...', 93, Array)
#1 /home/synergym/public_html/infocorona.site/app/Controllers/Home.php(93): file_get_contents('https://api.kaw...')
#2 /home/synergym/public_html/infocorona.site/app/Controllers/Home.php(62): App\Controllers\Home->getDataServer('/home/synergym/...', 'https://api.kaw...', 'global')
#3 /home/synergym/public_html/infocorona.site/system/CodeIgniter.php(910): App\Controllers\Home->getDataJson()
#4 /home/synergym/public_html/infocorona.site/system/CodeIgniter.php(398): CodeIgniter\CodeIgniter->runController(Object(App\Controllers\Home))
#5 /home/synergym/public_html/infocorona.site/system/CodeIgniter.php(306): CodeIgniter\CodeIgniter->handleRequest(NULL, Object(Config\Cache), false)
#6 /home/synergym/public_html/infocorona.site/index.php(45): CodeIgniter\CodeIgniter->run()
#7 {main}
CRITICAL - 2020-08-28 23:00:04 --> file_get_contents(https://api.kawalcorona.com/global/): failed to open stream: HTTP request failed! HTTP/1.1 404 Not Found

#0 [internal function]: CodeIgniter\Debug\Exceptions->errorHandler(2, 'file_get_conten...', '/home/synergym/...', 93, Array)
#1 /home/synergym/public_html/infocorona.site/app/Controllers/Home.php(93): file_get_contents('https://api.kaw...')
#2 /home/synergym/public_html/infocorona.site/app/Controllers/Home.php(62): App\Controllers\Home->getDataServer('/home/synergym/...', 'https://api.kaw...', 'global')
#3 /home/synergym/public_html/infocorona.site/system/CodeIgniter.php(910): App\Controllers\Home->getDataJson()
#4 /home/synergym/public_html/infocorona.site/system/CodeIgniter.php(398): CodeIgniter\CodeIgniter->runController(Object(App\Controllers\Home))
#5 /home/synergym/public_html/infocorona.site/system/CodeIgniter.php(306): CodeIgniter\CodeIgniter->handleRequest(NULL, Object(Config\Cache), false)
#6 /home/synergym/public_html/infocorona.site/index.php(45): CodeIgniter\CodeIgniter->run()
#7 {main}
