CRITICAL - 2020-09-25 00:00:05 --> file_get_contents(https://api.kawalcorona.com/global/): failed to open stream: HTTP request failed! HTTP/1.1 404 Not Found

#0 [internal function]: CodeIgniter\Debug\Exceptions->errorHandler(2, 'file_get_conten...', '/home/synergym/...', 93, Array)
#1 /home/synergym/public_html/infocorona.site/app/Controllers/Home.php(93): file_get_contents('https://api.kaw...')
#2 /home/synergym/public_html/infocorona.site/app/Controllers/Home.php(62): App\Controllers\Home->getDataServer('/home/synergym/...', 'https://api.kaw...', 'global')
#3 /home/synergym/public_html/infocorona.site/system/CodeIgniter.php(910): App\Controllers\Home->getDataJson()
#4 /home/synergym/public_html/infocorona.site/system/CodeIgniter.php(398): CodeIgniter\CodeIgniter->runController(Object(App\Controllers\Home))
#5 /home/synergym/public_html/infocorona.site/system/CodeIgniter.php(306): CodeIgniter\CodeIgniter->handleRequest(NULL, Object(Config\Cache), false)
#6 /home/synergym/public_html/infocorona.site/index.php(45): CodeIgniter\CodeIgniter->run()
#7 {main}
CRITICAL - 2020-09-25 01:00:05 --> file_get_contents(https://api.kawalcorona.com/global/): failed to open stream: HTTP request failed! HTTP/1.1 404 Not Found

#0 [internal function]: CodeIgniter\Debug\Exceptions->errorHandler(2, 'file_get_conten...', '/home/synergym/...', 93, Array)
#1 /home/synergym/public_html/infocorona.site/app/Controllers/Home.php(93): file_get_contents('https://api.kaw...')
#2 /home/synergym/public_html/infocorona.site/app/Controllers/Home.php(62): App\Controllers\Home->getDataServer('/home/synergym/...', 'https://api.kaw...', 'global')
#3 /home/synergym/public_html/infocorona.site/system/CodeIgniter.php(910): App\Controllers\Home->getDataJson()
#4 /home/synergym/public_html/infocorona.site/system/CodeIgniter.php(398): CodeIgniter\CodeIgniter->runController(Object(App\Controllers\Home))
#5 /home/synergym/public_html/infocorona.site/system/CodeIgniter.php(306): CodeIgniter\CodeIgniter->handleRequest(NULL, Object(Config\Cache), false)
#6 /home/synergym/public_html/infocorona.site/index.php(45): CodeIgniter\CodeIgniter->run()
#7 {main}
CRITICAL - 2020-09-25 02:00:04 --> file_get_contents(https://api.kawalcorona.com/global/): failed to open stream: HTTP request failed! HTTP/1.1 404 Not Found

#0 [internal function]: CodeIgniter\Debug\Exceptions->errorHandler(2, 'file_get_conten...', '/home/synergym/...', 93, Array)
#1 /home/synergym/public_html/infocorona.site/app/Controllers/Home.php(93): file_get_contents('https://api.kaw...')
#2 /home/synergym/public_html/infocorona.site/app/Controllers/Home.php(62): App\Controllers\Home->getDataServer('/home/synergym/...', 'https://api.kaw...', 'global')
#3 /home/synergym/public_html/infocorona.site/system/CodeIgniter.php(910): App\Controllers\Home->getDataJson()
#4 /home/synergym/public_html/infocorona.site/system/CodeIgniter.php(398): CodeIgniter\CodeIgniter->runController(Object(App\Controllers\Home))
#5 /home/synergym/public_html/infocorona.site/system/CodeIgniter.php(306): CodeIgniter\CodeIgniter->handleRequest(NULL, Object(Config\Cache), false)
#6 /home/synergym/public_html/infocorona.site/index.php(45): CodeIgniter\CodeIgniter->run()
#7 {main}
CRITICAL - 2020-09-25 03:00:04 --> file_get_contents(https://api.kawalcorona.com/global/): failed to open stream: HTTP request failed! HTTP/1.1 404 Not Found

#0 [internal function]: CodeIgniter\Debug\Exceptions->errorHandler(2, 'file_get_conten...', '/home/synergym/...', 93, Array)
#1 /home/synergym/public_html/infocorona.site/app/Controllers/Home.php(93): file_get_contents('https://api.kaw...')
#2 /home/synergym/public_html/infocorona.site/app/Controllers/Home.php(62): App\Controllers\Home->getDataServer('/home/synergym/...', 'https://api.kaw...', 'global')
#3 /home/synergym/public_html/infocorona.site/system/CodeIgniter.php(910): App\Controllers\Home->getDataJson()
#4 /home/synergym/public_html/infocorona.site/system/CodeIgniter.php(398): CodeIgniter\CodeIgniter->runController(Object(App\Controllers\Home))
#5 /home/synergym/public_html/infocorona.site/system/CodeIgniter.php(306): CodeIgniter\CodeIgniter->handleRequest(NULL, Object(Config\Cache), false)
#6 /home/synergym/public_html/infocorona.site/index.php(45): CodeIgniter\CodeIgniter->run()
#7 {main}
CRITICAL - 2020-09-25 04:00:03 --> file_get_contents(https://api.kawalcorona.com/global/): failed to open stream: HTTP request failed! HTTP/1.1 404 Not Found

#0 [internal function]: CodeIgniter\Debug\Exceptions->errorHandler(2, 'file_get_conten...', '/home/synergym/...', 93, Array)
#1 /home/synergym/public_html/infocorona.site/app/Controllers/Home.php(93): file_get_contents('https://api.kaw...')
#2 /home/synergym/public_html/infocorona.site/app/Controllers/Home.php(62): App\Controllers\Home->getDataServer('/home/synergym/...', 'https://api.kaw...', 'global')
#3 /home/synergym/public_html/infocorona.site/system/CodeIgniter.php(910): App\Controllers\Home->getDataJson()
#4 /home/synergym/public_html/infocorona.site/system/CodeIgniter.php(398): CodeIgniter\CodeIgniter->runController(Object(App\Controllers\Home))
#5 /home/synergym/public_html/infocorona.site/system/CodeIgniter.php(306): CodeIgniter\CodeIgniter->handleRequest(NULL, Object(Config\Cache), false)
#6 /home/synergym/public_html/infocorona.site/index.php(45): CodeIgniter\CodeIgniter->run()
#7 {main}
CRITICAL - 2020-09-25 05:00:04 --> file_get_contents(https://api.kawalcorona.com/global/): failed to open stream: HTTP request failed! HTTP/1.1 404 Not Found

#0 [internal function]: CodeIgniter\Debug\Exceptions->errorHandler(2, 'file_get_conten...', '/home/synergym/...', 93, Array)
#1 /home/synergym/public_html/infocorona.site/app/Controllers/Home.php(93): file_get_contents('https://api.kaw...')
#2 /home/synergym/public_html/infocorona.site/app/Controllers/Home.php(62): App\Controllers\Home->getDataServer('/home/synergym/...', 'https://api.kaw...', 'global')
#3 /home/synergym/public_html/infocorona.site/system/CodeIgniter.php(910): App\Controllers\Home->getDataJson()
#4 /home/synergym/public_html/infocorona.site/system/CodeIgniter.php(398): CodeIgniter\CodeIgniter->runController(Object(App\Controllers\Home))
#5 /home/synergym/public_html/infocorona.site/system/CodeIgniter.php(306): CodeIgniter\CodeIgniter->handleRequest(NULL, Object(Config\Cache), false)
#6 /home/synergym/public_html/infocorona.site/index.php(45): CodeIgniter\CodeIgniter->run()
#7 {main}
CRITICAL - 2020-09-25 06:00:04 --> file_get_contents(https://api.kawalcorona.com/global/): failed to open stream: HTTP request failed! HTTP/1.1 404 Not Found

#0 [internal function]: CodeIgniter\Debug\Exceptions->errorHandler(2, 'file_get_conten...', '/home/synergym/...', 93, Array)
#1 /home/synergym/public_html/infocorona.site/app/Controllers/Home.php(93): file_get_contents('https://api.kaw...')
#2 /home/synergym/public_html/infocorona.site/app/Controllers/Home.php(62): App\Controllers\Home->getDataServer('/home/synergym/...', 'https://api.kaw...', 'global')
#3 /home/synergym/public_html/infocorona.site/system/CodeIgniter.php(910): App\Controllers\Home->getDataJson()
#4 /home/synergym/public_html/infocorona.site/system/CodeIgniter.php(398): CodeIgniter\CodeIgniter->runController(Object(App\Controllers\Home))
#5 /home/synergym/public_html/infocorona.site/system/CodeIgniter.php(306): CodeIgniter\CodeIgniter->handleRequest(NULL, Object(Config\Cache), false)
#6 /home/synergym/public_html/infocorona.site/index.php(45): CodeIgniter\CodeIgniter->run()
#7 {main}
CRITICAL - 2020-09-25 07:00:04 --> file_get_contents(https://api.kawalcorona.com/global/): failed to open stream: HTTP request failed! HTTP/1.1 404 Not Found

#0 [internal function]: CodeIgniter\Debug\Exceptions->errorHandler(2, 'file_get_conten...', '/home/synergym/...', 93, Array)
#1 /home/synergym/public_html/infocorona.site/app/Controllers/Home.php(93): file_get_contents('https://api.kaw...')
#2 /home/synergym/public_html/infocorona.site/app/Controllers/Home.php(62): App\Controllers\Home->getDataServer('/home/synergym/...', 'https://api.kaw...', 'global')
#3 /home/synergym/public_html/infocorona.site/system/CodeIgniter.php(910): App\Controllers\Home->getDataJson()
#4 /home/synergym/public_html/infocorona.site/system/CodeIgniter.php(398): CodeIgniter\CodeIgniter->runController(Object(App\Controllers\Home))
#5 /home/synergym/public_html/infocorona.site/system/CodeIgniter.php(306): CodeIgniter\CodeIgniter->handleRequest(NULL, Object(Config\Cache), false)
#6 /home/synergym/public_html/infocorona.site/index.php(45): CodeIgniter\CodeIgniter->run()
#7 {main}
CRITICAL - 2020-09-25 08:00:04 --> file_get_contents(https://api.kawalcorona.com/global/): failed to open stream: HTTP request failed! HTTP/1.1 404 Not Found

#0 [internal function]: CodeIgniter\Debug\Exceptions->errorHandler(2, 'file_get_conten...', '/home/synergym/...', 93, Array)
#1 /home/synergym/public_html/infocorona.site/app/Controllers/Home.php(93): file_get_contents('https://api.kaw...')
#2 /home/synergym/public_html/infocorona.site/app/Controllers/Home.php(62): App\Controllers\Home->getDataServer('/home/synergym/...', 'https://api.kaw...', 'global')
#3 /home/synergym/public_html/infocorona.site/system/CodeIgniter.php(910): App\Controllers\Home->getDataJson()
#4 /home/synergym/public_html/infocorona.site/system/CodeIgniter.php(398): CodeIgniter\CodeIgniter->runController(Object(App\Controllers\Home))
#5 /home/synergym/public_html/infocorona.site/system/CodeIgniter.php(306): CodeIgniter\CodeIgniter->handleRequest(NULL, Object(Config\Cache), false)
#6 /home/synergym/public_html/infocorona.site/index.php(45): CodeIgniter\CodeIgniter->run()
#7 {main}
CRITICAL - 2020-09-25 09:00:04 --> file_get_contents(https://api.kawalcorona.com/global/): failed to open stream: HTTP request failed! HTTP/1.1 404 Not Found

#0 [internal function]: CodeIgniter\Debug\Exceptions->errorHandler(2, 'file_get_conten...', '/home/synergym/...', 93, Array)
#1 /home/synergym/public_html/infocorona.site/app/Controllers/Home.php(93): file_get_contents('https://api.kaw...')
#2 /home/synergym/public_html/infocorona.site/app/Controllers/Home.php(62): App\Controllers\Home->getDataServer('/home/synergym/...', 'https://api.kaw...', 'global')
#3 /home/synergym/public_html/infocorona.site/system/CodeIgniter.php(910): App\Controllers\Home->getDataJson()
#4 /home/synergym/public_html/infocorona.site/system/CodeIgniter.php(398): CodeIgniter\CodeIgniter->runController(Object(App\Controllers\Home))
#5 /home/synergym/public_html/infocorona.site/system/CodeIgniter.php(306): CodeIgniter\CodeIgniter->handleRequest(NULL, Object(Config\Cache), false)
#6 /home/synergym/public_html/infocorona.site/index.php(45): CodeIgniter\CodeIgniter->run()
#7 {main}
CRITICAL - 2020-09-25 10:00:04 --> file_get_contents(https://api.kawalcorona.com/global/): failed to open stream: HTTP request failed! HTTP/1.1 404 Not Found

#0 [internal function]: CodeIgniter\Debug\Exceptions->errorHandler(2, 'file_get_conten...', '/home/synergym/...', 93, Array)
#1 /home/synergym/public_html/infocorona.site/app/Controllers/Home.php(93): file_get_contents('https://api.kaw...')
#2 /home/synergym/public_html/infocorona.site/app/Controllers/Home.php(62): App\Controllers\Home->getDataServer('/home/synergym/...', 'https://api.kaw...', 'global')
#3 /home/synergym/public_html/infocorona.site/system/CodeIgniter.php(910): App\Controllers\Home->getDataJson()
#4 /home/synergym/public_html/infocorona.site/system/CodeIgniter.php(398): CodeIgniter\CodeIgniter->runController(Object(App\Controllers\Home))
#5 /home/synergym/public_html/infocorona.site/system/CodeIgniter.php(306): CodeIgniter\CodeIgniter->handleRequest(NULL, Object(Config\Cache), false)
#6 /home/synergym/public_html/infocorona.site/index.php(45): CodeIgniter\CodeIgniter->run()
#7 {main}
CRITICAL - 2020-09-25 11:00:04 --> file_get_contents(https://api.kawalcorona.com/global/): failed to open stream: HTTP request failed! HTTP/1.1 404 Not Found

#0 [internal function]: CodeIgniter\Debug\Exceptions->errorHandler(2, 'file_get_conten...', '/home/synergym/...', 93, Array)
#1 /home/synergym/public_html/infocorona.site/app/Controllers/Home.php(93): file_get_contents('https://api.kaw...')
#2 /home/synergym/public_html/infocorona.site/app/Controllers/Home.php(62): App\Controllers\Home->getDataServer('/home/synergym/...', 'https://api.kaw...', 'global')
#3 /home/synergym/public_html/infocorona.site/system/CodeIgniter.php(910): App\Controllers\Home->getDataJson()
#4 /home/synergym/public_html/infocorona.site/system/CodeIgniter.php(398): CodeIgniter\CodeIgniter->runController(Object(App\Controllers\Home))
#5 /home/synergym/public_html/infocorona.site/system/CodeIgniter.php(306): CodeIgniter\CodeIgniter->handleRequest(NULL, Object(Config\Cache), false)
#6 /home/synergym/public_html/infocorona.site/index.php(45): CodeIgniter\CodeIgniter->run()
#7 {main}
CRITICAL - 2020-09-25 12:00:04 --> file_get_contents(https://api.kawalcorona.com/global/): failed to open stream: HTTP request failed! HTTP/1.1 404 Not Found

#0 [internal function]: CodeIgniter\Debug\Exceptions->errorHandler(2, 'file_get_conten...', '/home/synergym/...', 93, Array)
#1 /home/synergym/public_html/infocorona.site/app/Controllers/Home.php(93): file_get_contents('https://api.kaw...')
#2 /home/synergym/public_html/infocorona.site/app/Controllers/Home.php(62): App\Controllers\Home->getDataServer('/home/synergym/...', 'https://api.kaw...', 'global')
#3 /home/synergym/public_html/infocorona.site/system/CodeIgniter.php(910): App\Controllers\Home->getDataJson()
#4 /home/synergym/public_html/infocorona.site/system/CodeIgniter.php(398): CodeIgniter\CodeIgniter->runController(Object(App\Controllers\Home))
#5 /home/synergym/public_html/infocorona.site/system/CodeIgniter.php(306): CodeIgniter\CodeIgniter->handleRequest(NULL, Object(Config\Cache), false)
#6 /home/synergym/public_html/infocorona.site/index.php(45): CodeIgniter\CodeIgniter->run()
#7 {main}
CRITICAL - 2020-09-25 13:00:04 --> file_get_contents(https://api.kawalcorona.com/global/): failed to open stream: HTTP request failed! HTTP/1.1 404 Not Found

#0 [internal function]: CodeIgniter\Debug\Exceptions->errorHandler(2, 'file_get_conten...', '/home/synergym/...', 93, Array)
#1 /home/synergym/public_html/infocorona.site/app/Controllers/Home.php(93): file_get_contents('https://api.kaw...')
#2 /home/synergym/public_html/infocorona.site/app/Controllers/Home.php(62): App\Controllers\Home->getDataServer('/home/synergym/...', 'https://api.kaw...', 'global')
#3 /home/synergym/public_html/infocorona.site/system/CodeIgniter.php(910): App\Controllers\Home->getDataJson()
#4 /home/synergym/public_html/infocorona.site/system/CodeIgniter.php(398): CodeIgniter\CodeIgniter->runController(Object(App\Controllers\Home))
#5 /home/synergym/public_html/infocorona.site/system/CodeIgniter.php(306): CodeIgniter\CodeIgniter->handleRequest(NULL, Object(Config\Cache), false)
#6 /home/synergym/public_html/infocorona.site/index.php(45): CodeIgniter\CodeIgniter->run()
#7 {main}
CRITICAL - 2020-09-25 14:00:04 --> file_get_contents(https://api.kawalcorona.com/global/): failed to open stream: HTTP request failed! HTTP/1.1 404 Not Found

#0 [internal function]: CodeIgniter\Debug\Exceptions->errorHandler(2, 'file_get_conten...', '/home/synergym/...', 93, Array)
#1 /home/synergym/public_html/infocorona.site/app/Controllers/Home.php(93): file_get_contents('https://api.kaw...')
#2 /home/synergym/public_html/infocorona.site/app/Controllers/Home.php(62): App\Controllers\Home->getDataServer('/home/synergym/...', 'https://api.kaw...', 'global')
#3 /home/synergym/public_html/infocorona.site/system/CodeIgniter.php(910): App\Controllers\Home->getDataJson()
#4 /home/synergym/public_html/infocorona.site/system/CodeIgniter.php(398): CodeIgniter\CodeIgniter->runController(Object(App\Controllers\Home))
#5 /home/synergym/public_html/infocorona.site/system/CodeIgniter.php(306): CodeIgniter\CodeIgniter->handleRequest(NULL, Object(Config\Cache), false)
#6 /home/synergym/public_html/infocorona.site/index.php(45): CodeIgniter\CodeIgniter->run()
#7 {main}
CRITICAL - 2020-09-25 15:00:04 --> file_get_contents(https://api.kawalcorona.com/global/): failed to open stream: HTTP request failed! HTTP/1.1 404 Not Found

#0 [internal function]: CodeIgniter\Debug\Exceptions->errorHandler(2, 'file_get_conten...', '/home/synergym/...', 93, Array)
#1 /home/synergym/public_html/infocorona.site/app/Controllers/Home.php(93): file_get_contents('https://api.kaw...')
#2 /home/synergym/public_html/infocorona.site/app/Controllers/Home.php(62): App\Controllers\Home->getDataServer('/home/synergym/...', 'https://api.kaw...', 'global')
#3 /home/synergym/public_html/infocorona.site/system/CodeIgniter.php(910): App\Controllers\Home->getDataJson()
#4 /home/synergym/public_html/infocorona.site/system/CodeIgniter.php(398): CodeIgniter\CodeIgniter->runController(Object(App\Controllers\Home))
#5 /home/synergym/public_html/infocorona.site/system/CodeIgniter.php(306): CodeIgniter\CodeIgniter->handleRequest(NULL, Object(Config\Cache), false)
#6 /home/synergym/public_html/infocorona.site/index.php(45): CodeIgniter\CodeIgniter->run()
#7 {main}
CRITICAL - 2020-09-25 16:00:04 --> file_get_contents(https://api.kawalcorona.com/global/): failed to open stream: HTTP request failed! HTTP/1.1 404 Not Found

#0 [internal function]: CodeIgniter\Debug\Exceptions->errorHandler(2, 'file_get_conten...', '/home/synergym/...', 93, Array)
#1 /home/synergym/public_html/infocorona.site/app/Controllers/Home.php(93): file_get_contents('https://api.kaw...')
#2 /home/synergym/public_html/infocorona.site/app/Controllers/Home.php(62): App\Controllers\Home->getDataServer('/home/synergym/...', 'https://api.kaw...', 'global')
#3 /home/synergym/public_html/infocorona.site/system/CodeIgniter.php(910): App\Controllers\Home->getDataJson()
#4 /home/synergym/public_html/infocorona.site/system/CodeIgniter.php(398): CodeIgniter\CodeIgniter->runController(Object(App\Controllers\Home))
#5 /home/synergym/public_html/infocorona.site/system/CodeIgniter.php(306): CodeIgniter\CodeIgniter->handleRequest(NULL, Object(Config\Cache), false)
#6 /home/synergym/public_html/infocorona.site/index.php(45): CodeIgniter\CodeIgniter->run()
#7 {main}
CRITICAL - 2020-09-25 17:00:04 --> file_get_contents(https://api.kawalcorona.com/global/): failed to open stream: HTTP request failed! HTTP/1.1 404 Not Found

#0 [internal function]: CodeIgniter\Debug\Exceptions->errorHandler(2, 'file_get_conten...', '/home/synergym/...', 93, Array)
#1 /home/synergym/public_html/infocorona.site/app/Controllers/Home.php(93): file_get_contents('https://api.kaw...')
#2 /home/synergym/public_html/infocorona.site/app/Controllers/Home.php(62): App\Controllers\Home->getDataServer('/home/synergym/...', 'https://api.kaw...', 'global')
#3 /home/synergym/public_html/infocorona.site/system/CodeIgniter.php(910): App\Controllers\Home->getDataJson()
#4 /home/synergym/public_html/infocorona.site/system/CodeIgniter.php(398): CodeIgniter\CodeIgniter->runController(Object(App\Controllers\Home))
#5 /home/synergym/public_html/infocorona.site/system/CodeIgniter.php(306): CodeIgniter\CodeIgniter->handleRequest(NULL, Object(Config\Cache), false)
#6 /home/synergym/public_html/infocorona.site/index.php(45): CodeIgniter\CodeIgniter->run()
#7 {main}
CRITICAL - 2020-09-25 18:00:04 --> file_get_contents(https://api.kawalcorona.com/global/): failed to open stream: HTTP request failed! HTTP/1.1 404 Not Found

#0 [internal function]: CodeIgniter\Debug\Exceptions->errorHandler(2, 'file_get_conten...', '/home/synergym/...', 93, Array)
#1 /home/synergym/public_html/infocorona.site/app/Controllers/Home.php(93): file_get_contents('https://api.kaw...')
#2 /home/synergym/public_html/infocorona.site/app/Controllers/Home.php(62): App\Controllers\Home->getDataServer('/home/synergym/...', 'https://api.kaw...', 'global')
#3 /home/synergym/public_html/infocorona.site/system/CodeIgniter.php(910): App\Controllers\Home->getDataJson()
#4 /home/synergym/public_html/infocorona.site/system/CodeIgniter.php(398): CodeIgniter\CodeIgniter->runController(Object(App\Controllers\Home))
#5 /home/synergym/public_html/infocorona.site/system/CodeIgniter.php(306): CodeIgniter\CodeIgniter->handleRequest(NULL, Object(Config\Cache), false)
#6 /home/synergym/public_html/infocorona.site/index.php(45): CodeIgniter\CodeIgniter->run()
#7 {main}
CRITICAL - 2020-09-25 19:00:04 --> file_get_contents(https://api.kawalcorona.com/global/): failed to open stream: HTTP request failed! HTTP/1.1 404 Not Found

#0 [internal function]: CodeIgniter\Debug\Exceptions->errorHandler(2, 'file_get_conten...', '/home/synergym/...', 93, Array)
#1 /home/synergym/public_html/infocorona.site/app/Controllers/Home.php(93): file_get_contents('https://api.kaw...')
#2 /home/synergym/public_html/infocorona.site/app/Controllers/Home.php(62): App\Controllers\Home->getDataServer('/home/synergym/...', 'https://api.kaw...', 'global')
#3 /home/synergym/public_html/infocorona.site/system/CodeIgniter.php(910): App\Controllers\Home->getDataJson()
#4 /home/synergym/public_html/infocorona.site/system/CodeIgniter.php(398): CodeIgniter\CodeIgniter->runController(Object(App\Controllers\Home))
#5 /home/synergym/public_html/infocorona.site/system/CodeIgniter.php(306): CodeIgniter\CodeIgniter->handleRequest(NULL, Object(Config\Cache), false)
#6 /home/synergym/public_html/infocorona.site/index.php(45): CodeIgniter\CodeIgniter->run()
#7 {main}
CRITICAL - 2020-09-25 20:00:03 --> file_get_contents(https://api.kawalcorona.com/global/): failed to open stream: HTTP request failed! HTTP/1.1 404 Not Found

#0 [internal function]: CodeIgniter\Debug\Exceptions->errorHandler(2, 'file_get_conten...', '/home/synergym/...', 93, Array)
#1 /home/synergym/public_html/infocorona.site/app/Controllers/Home.php(93): file_get_contents('https://api.kaw...')
#2 /home/synergym/public_html/infocorona.site/app/Controllers/Home.php(62): App\Controllers\Home->getDataServer('/home/synergym/...', 'https://api.kaw...', 'global')
#3 /home/synergym/public_html/infocorona.site/system/CodeIgniter.php(910): App\Controllers\Home->getDataJson()
#4 /home/synergym/public_html/infocorona.site/system/CodeIgniter.php(398): CodeIgniter\CodeIgniter->runController(Object(App\Controllers\Home))
#5 /home/synergym/public_html/infocorona.site/system/CodeIgniter.php(306): CodeIgniter\CodeIgniter->handleRequest(NULL, Object(Config\Cache), false)
#6 /home/synergym/public_html/infocorona.site/index.php(45): CodeIgniter\CodeIgniter->run()
#7 {main}
CRITICAL - 2020-09-25 21:00:03 --> file_get_contents(https://api.kawalcorona.com/global/): failed to open stream: HTTP request failed! HTTP/1.1 404 Not Found

#0 [internal function]: CodeIgniter\Debug\Exceptions->errorHandler(2, 'file_get_conten...', '/home/synergym/...', 93, Array)
#1 /home/synergym/public_html/infocorona.site/app/Controllers/Home.php(93): file_get_contents('https://api.kaw...')
#2 /home/synergym/public_html/infocorona.site/app/Controllers/Home.php(62): App\Controllers\Home->getDataServer('/home/synergym/...', 'https://api.kaw...', 'global')
#3 /home/synergym/public_html/infocorona.site/system/CodeIgniter.php(910): App\Controllers\Home->getDataJson()
#4 /home/synergym/public_html/infocorona.site/system/CodeIgniter.php(398): CodeIgniter\CodeIgniter->runController(Object(App\Controllers\Home))
#5 /home/synergym/public_html/infocorona.site/system/CodeIgniter.php(306): CodeIgniter\CodeIgniter->handleRequest(NULL, Object(Config\Cache), false)
#6 /home/synergym/public_html/infocorona.site/index.php(45): CodeIgniter\CodeIgniter->run()
#7 {main}
CRITICAL - 2020-09-25 22:00:04 --> file_get_contents(https://api.kawalcorona.com/global/): failed to open stream: HTTP request failed! HTTP/1.1 404 Not Found

#0 [internal function]: CodeIgniter\Debug\Exceptions->errorHandler(2, 'file_get_conten...', '/home/synergym/...', 93, Array)
#1 /home/synergym/public_html/infocorona.site/app/Controllers/Home.php(93): file_get_contents('https://api.kaw...')
#2 /home/synergym/public_html/infocorona.site/app/Controllers/Home.php(62): App\Controllers\Home->getDataServer('/home/synergym/...', 'https://api.kaw...', 'global')
#3 /home/synergym/public_html/infocorona.site/system/CodeIgniter.php(910): App\Controllers\Home->getDataJson()
#4 /home/synergym/public_html/infocorona.site/system/CodeIgniter.php(398): CodeIgniter\CodeIgniter->runController(Object(App\Controllers\Home))
#5 /home/synergym/public_html/infocorona.site/system/CodeIgniter.php(306): CodeIgniter\CodeIgniter->handleRequest(NULL, Object(Config\Cache), false)
#6 /home/synergym/public_html/infocorona.site/index.php(45): CodeIgniter\CodeIgniter->run()
#7 {main}
CRITICAL - 2020-09-25 23:00:09 --> file_get_contents(https://api.kawalcorona.com/global/): failed to open stream: HTTP request failed! HTTP/1.1 404 Not Found

#0 [internal function]: CodeIgniter\Debug\Exceptions->errorHandler(2, 'file_get_conten...', '/home/synergym/...', 93, Array)
#1 /home/synergym/public_html/infocorona.site/app/Controllers/Home.php(93): file_get_contents('https://api.kaw...')
#2 /home/synergym/public_html/infocorona.site/app/Controllers/Home.php(62): App\Controllers\Home->getDataServer('/home/synergym/...', 'https://api.kaw...', 'global')
#3 /home/synergym/public_html/infocorona.site/system/CodeIgniter.php(910): App\Controllers\Home->getDataJson()
#4 /home/synergym/public_html/infocorona.site/system/CodeIgniter.php(398): CodeIgniter\CodeIgniter->runController(Object(App\Controllers\Home))
#5 /home/synergym/public_html/infocorona.site/system/CodeIgniter.php(306): CodeIgniter\CodeIgniter->handleRequest(NULL, Object(Config\Cache), false)
#6 /home/synergym/public_html/infocorona.site/index.php(45): CodeIgniter\CodeIgniter->run()
#7 {main}
